<?xml version="1.0" encoding="UTF-8"?>
<!-- Generated by org.testng.reporters.JUnitReportReporter -->
<testsuite hostname="Vibhzzy" failures="0" tests="1" name="crossBrowserTest.FireFoxRun" time="6.129" errors="0" timestamp="2022-06-29T19:38:19 IST" skipped="0">
  <testcase classname="crossBrowserTest.FireFoxRun" name="Run" time="6.129"/>
  <system-out/>
</testsuite> <!-- crossBrowserTest.FireFoxRun -->
