<?xml version="1.0" encoding="UTF-8"?>
<!-- Generated by org.testng.reporters.JUnitReportReporter -->
<testsuite hostname="Vibhzzy" failures="0" tests="3" name="testNG.TestEg1" time="0.011" errors="0" timestamp="2022-06-23T23:04:43 IST" skipped="0">
  <testcase classname="testNG.TestEg1" name="E" time="0.000"/>
  <system-out>
    <![CDATA[Launching E]]>
  </system-out>
  <testcase classname="testNG.TestEg1" name="A" time="0.011"/>
  <system-out>
    <![CDATA[Launching A]]>
  </system-out>
  <testcase classname="testNG.TestEg1" name="N" time="0.000"/>
  <system-out>
    <![CDATA[Launching N]]>
  </system-out>
</testsuite> <!-- testNG.TestEg1 -->
