<?xml version="1.0" encoding="UTF-8"?>
<!-- Generated by org.testng.reporters.JUnitReportReporter -->
<testsuite hostname="Vibhzzy" failures="0" tests="4" name="testNGAnnotation.PriorityTest" time="0.012" errors="0" timestamp="2022-06-23T19:57:10 IST" skipped="0">
  <testcase classname="testNGAnnotation.PriorityTest" name="H" time="0.009"/>
  <system-out>
    <![CDATA[Launching H]]>
  </system-out>
  <testcase classname="testNGAnnotation.PriorityTest" name="E" time="0.001"/>
  <system-out>
    <![CDATA[Launching E]]>
  </system-out>
  <testcase classname="testNGAnnotation.PriorityTest" name="N" time="0.001"/>
  <system-out>
    <![CDATA[Launching N]]>
  </system-out>
  <testcase classname="testNGAnnotation.PriorityTest" name="A" time="0.001"/>
  <system-out>
    <![CDATA[Launching A]]>
  </system-out>
</testsuite> <!-- testNGAnnotation.PriorityTest -->
