<?xml version="1.0" encoding="UTF-8"?>
<!-- Generated by org.testng.reporters.JUnitReportReporter -->
<testsuite hostname="Vibhzzy" failures="0" tests="1" name="ParallelAndSerialExecution.TestClass2" time="7.133" errors="0" timestamp="2022-06-28T21:34:59 IST" skipped="0">
  <testcase classname="ParallelAndSerialExecution.TestClass2" name="Method" time="7.133"/>
  <system-out/>
</testsuite> <!-- ParallelAndSerialExecution.TestClass2 -->
