<?xml version="1.0" encoding="UTF-8"?>
<!-- Generated by org.testng.reporters.JUnitReportReporter -->
<testsuite hostname="Vibhzzy" failures="0" tests="1" name="TestNgKeyWords.TestClass1" time="0.009" errors="0" timestamp="2022-06-26T21:34:36 IST" skipped="0">
  <testcase classname="TestNgKeyWords.TestClass1" name="B" time="0.009"/>
  <system-out>
    <![CDATA[Checking B]]>
  </system-out>
</testsuite> <!-- TestNgKeyWords.TestClass1 -->
