<?xml version="1.0" encoding="UTF-8"?>
<!-- Generated by org.testng.reporters.JUnitReportReporter -->
<testsuite hostname="Vibhzzy" failures="0" tests="2" name="testNGAnnotation.InvocationTest" time="0.012" errors="0" timestamp="2022-06-23T19:50:32 IST" skipped="0">
  <testcase classname="testNGAnnotation.InvocationTest" name="FB" time="0.006"/>
  <system-out>
    <![CDATA[FB home page]]>
  </system-out>
  <testcase classname="testNGAnnotation.InvocationTest" name="FB" time="0.006"/>
  <system-out>
    <![CDATA[FB home page]]>
  </system-out>
</testsuite> <!-- testNGAnnotation.InvocationTest -->
