<?xml version="1.0" encoding="UTF-8"?>
<!-- Generated by org.testng.reporters.JUnitReportReporter -->
<testsuite hostname="Vibhzzy" failures="0" tests="1" name="testNG.Ex1TestNG" time="7.373" errors="0" timestamp="2022-06-21T19:59:11 IST" skipped="0">
  <testcase classname="testNG.Ex1TestNG" name="Test1" time="7.373"/>
  <system-out>
    <![CDATA[YOLO You only live once]]>
  </system-out>
</testsuite> <!-- testNG.Ex1TestNG -->
