<?xml version="1.0" encoding="UTF-8"?>
<!-- Generated by org.testng.reporters.JUnitReportReporter -->
<testsuite hostname="Vibhzzy" failures="0" tests="1" name="ParallelAndSerialExecution.TestClass1" time="4.510" errors="0" timestamp="2022-06-28T21:34:59 IST" skipped="0">
  <testcase classname="ParallelAndSerialExecution.TestClass1" name="Method" time="4.510"/>
  <system-out/>
</testsuite> <!-- ParallelAndSerialExecution.TestClass1 -->
