<?xml version="1.0" encoding="UTF-8"?>
<!-- Generated by org.testng.reporters.JUnitReportReporter -->
<testsuite hostname="Vibhzzy" failures="0" tests="2" name="TestNgKeyWords.TestClass2" time="0.001" errors="0" timestamp="2022-06-26T21:34:36 IST" skipped="0">
  <testcase classname="TestNgKeyWords.TestClass2" name="W" time="0.000"/>
  <system-out>
    <![CDATA[Checking W]]>
  </system-out>
  <testcase classname="TestNgKeyWords.TestClass2" name="Y" time="0.001"/>
  <system-out>
    <![CDATA[Checking Y]]>
  </system-out>
</testsuite> <!-- TestNgKeyWords.TestClass2 -->
