<?xml version="1.0" encoding="UTF-8"?>
<!-- Generated by org.testng.reporters.JUnitReportReporter -->
<testsuite hostname="Vibhzzy" failures="0" tests="1" name="verificationUsingTestNg.AssertEqualsUse" time="0.022" errors="0" timestamp="2022-06-28T22:11:06 IST" skipped="0">
  <testcase classname="verificationUsingTestNg.AssertEqualsUse" name="Method" time="0.022"/>
  <system-out>
    <![CDATA[A and B is not Equal TestCase is passed]]>
  </system-out>
</testsuite> <!-- verificationUsingTestNg.AssertEqualsUse -->
