<?xml version="1.0" encoding="UTF-8"?>
<!-- Generated by org.testng.reporters.JUnitReportReporter -->
<testsuite hostname="Vibhzzy" failures="0" tests="4" name="testNGAnnotation.EnabledTest" time="0.009" errors="0" timestamp="2022-06-23T19:58:54 IST" skipped="1">
  <testcase classname="testNGAnnotation.EnabledTest" name="H" time="0.008"/>
  <system-out>
    <![CDATA[Launching H]]>
  </system-out>
  <testcase classname="testNGAnnotation.EnabledTest" name="A" time="0.000"/>
  <system-out>
    <![CDATA[Launching A]]>
  </system-out>
  <testcase classname="testNGAnnotation.EnabledTest" name="N" time="0.001"/>
  <system-out>
    <![CDATA[Launching N]]>
  </system-out>
  <testcase classname="testNGAnnotation.EnabledTest" name="E">
    <skipped/>
  </testcase> <!-- E -->
  <system-out/>
</testsuite> <!-- testNGAnnotation.EnabledTest -->
