<?xml version="1.0" encoding="UTF-8"?>
<!-- Generated by org.testng.reporters.JUnitReportReporter -->
<testsuite hostname="Vibhzzy" failures="0" tests="1" name="kitePOMUsingTestNG.ValidateKiteAppUserName" time="2.970" errors="0" timestamp="2022-07-01T15:49:55 IST" skipped="0">
  <testcase classname="kitePOMUsingTestNG.ValidateKiteAppUserName" name="validateUserName" time="2.970"/>
  <system-out>
    <![CDATA[Validating Username
Actual and Expected username is matching tasecase is passed]]>
  </system-out>
</testsuite> <!-- kitePOMUsingTestNG.ValidateKiteAppUserName -->
