<?xml version="1.0" encoding="UTF-8"?>
<!-- Generated by org.testng.reporters.JUnitReportReporter -->
<testsuite hostname="Vibhzzy" failures="0" tests="3" name="ListenerStudy.ListenerMethods1" time="0.015" errors="0" timestamp="2022-07-07T20:30:37 IST" skipped="0">
  <testcase classname="ListenerStudy.ListenerMethods1" name="TC7" time="0.000"/>
  <system-out>
    <![CDATA[TC7 is Running
This passed success]]>
  </system-out>
  <testcase classname="ListenerStudy.ListenerMethods1" name="TC6" time="0.000"/>
  <system-out>
    <![CDATA[TC6 is Runnng
This passed success]]>
  </system-out>
  <testcase classname="ListenerStudy.ListenerMethods1" name="TC5" time="0.015"/>
  <system-out>
    <![CDATA[TC5 is Running
This passed success]]>
  </system-out>
</testsuite> <!-- ListenerStudy.ListenerMethods1 -->
