<?xml version="1.0" encoding="UTF-8"?>
<!-- Generated by org.testng.reporters.JUnitReportReporter -->
<testsuite hostname="Vibhzzy" failures="0" tests="2" name="testNG.NewTestAnnotation" time="0.013" errors="0" timestamp="2022-06-23T19:48:09 IST" skipped="0">
  <testcase classname="testNG.NewTestAnnotation" name="FB" time="0.005"/>
  <system-out>
    <![CDATA[FB home page]]>
  </system-out>
  <testcase classname="testNG.NewTestAnnotation" name="FB" time="0.008"/>
  <system-out>
    <![CDATA[FB home page]]>
  </system-out>
</testsuite> <!-- testNG.NewTestAnnotation -->
