<?xml version="1.0" encoding="UTF-8"?>
<!-- Generated by org.testng.reporters.JUnitReportReporter -->
<testsuite hostname="Vibhzzy" failures="0" tests="1" name="kiteUseingBaseAndUtility.ValidateKiteUID" time="3.798" errors="0" timestamp="2022-07-04T14:27:31 IST" skipped="0">
  <testcase classname="kiteUseingBaseAndUtility.ValidateKiteUID" name="validateUSID" time="3.798"/>
  <system-out>
    <![CDATA[Actual and Expected is matching testcase is passed]]>
  </system-out>
</testsuite> <!-- kiteUseingBaseAndUtility.ValidateKiteUID -->
